Stability detectors
methods ['isohc', 'mhc-lite', 'unconstrained', 'gcn-diffusion']
streams [4, 8, 16] depths [32, 64, 128, 256, 512, 1024] dtypes ['fp32', 'bf16_fp32_mix']

=== dtype=fp32 method=isohc ===
dtype=fp32          method=isohc         n= 4 L=  32 grad=1.0000 zeroE=1.0000 cos=0.0261 meanMax=4.83e-06 smin=1.0000 smax=1.0000 time=14.2s
dtype=fp32          method=isohc         n= 4 L=  64 grad=1.0000 zeroE=1.0000 cos=0.0261 meanMax=6.61e-06 smin=1.0000 smax=1.0000 time=16.1s
dtype=fp32          method=isohc         n= 4 L= 128 grad=1.0000 zeroE=1.0000 cos=0.0227 meanMax=9.93e-06 smin=1.0000 smax=1.0000 time=32.7s
dtype=fp32          method=isohc         n= 4 L= 256 grad=1.0000 zeroE=1.0000 cos=0.0262 meanMax=1.45e-05 smin=1.0000 smax=1.0000 time=60.5s
dtype=fp32          method=isohc         n= 4 L= 512 grad=1.0000 zeroE=1.0000 cos=0.0256 meanMax=2.03e-05 smin=1.0000 smax=1.0000 time=128.6s
dtype=fp32          method=isohc         n= 4 L=1024 grad=1.0000 zeroE=1.0000 cos=0.0228 meanMax=2.89e-05 smin=1.0000 smax=1.0000 time=186.3s
dtype=fp32          method=isohc         n= 8 L=  32 grad=1.0000 zeroE=1.0000 cos=0.0253 meanMax=3.76e-06 smin=1.0000 smax=1.0000 time=4.1s
dtype=fp32          method=isohc         n= 8 L=  64 grad=1.0000 zeroE=1.0000 cos=0.0241 meanMax=5.10e-06 smin=1.0000 smax=1.0000 time=9.5s
dtype=fp32          method=isohc         n= 8 L= 128 grad=1.0000 zeroE=1.0000 cos=0.0244 meanMax=6.98e-06 smin=1.0000 smax=1.0000 time=30.9s
dtype=fp32          method=isohc         n= 8 L= 256 grad=1.0000 zeroE=1.0000 cos=0.0240 meanMax=1.03e-05 smin=1.0000 smax=1.0000 time=65.6s
dtype=fp32          method=isohc         n= 8 L= 512 grad=1.0000 zeroE=1.0000 cos=0.0246 meanMax=1.48e-05 smin=1.0000 smax=1.0000 time=117.9s
dtype=fp32          method=isohc         n= 8 L=1024 grad=1.0000 zeroE=1.0000 cos=0.0250 meanMax=2.09e-05 smin=1.0000 smax=1.0000 time=84.7s
dtype=fp32          method=isohc         n=16 L=  32 grad=1.0000 zeroE=1.0000 cos=0.0247 meanMax=2.88e-06 smin=1.0000 smax=1.0000 time=4.9s
dtype=fp32          method=isohc         n=16 L=  64 grad=1.0000 zeroE=1.0000 cos=0.0248 meanMax=4.08e-06 smin=1.0000 smax=1.0000 time=10.8s
dtype=fp32          method=isohc         n=16 L= 128 grad=1.0000 zeroE=1.0000 cos=0.0254 meanMax=5.62e-06 smin=1.0000 smax=1.0000 time=18.7s
dtype=fp32          method=isohc         n=16 L= 256 grad=1.0000 zeroE=1.0000 cos=0.0246 meanMax=8.08e-06 smin=1.0000 smax=1.0000 time=44.6s
dtype=fp32          method=isohc         n=16 L= 512 grad=1.0000 zeroE=1.0000 cos=0.0250 meanMax=1.11e-05 smin=1.0000 smax=1.0000 time=37.2s
dtype=fp32          method=isohc         n=16 L=1024 grad=1.0000 zeroE=1.0000 cos=0.0249 meanMax=1.65e-05 smin=1.0000 smax=1.0000 time=42.4s

=== dtype=fp32 method=mhc-lite ===
dtype=fp32          method=mhc-lite      n= 4 L=  32 grad=0.4968 zeroE=0.0041 cos=0.9999 meanMax=5.22e-06 smin=0.7231 smax=1.0000 time=0.6s
dtype=fp32          method=mhc-lite      n= 4 L=  64 grad=0.4954 zeroE=0.0000 cos=1.0000 meanMax=5.64e-06 smin=0.7156 smax=1.0001 time=1.1s
dtype=fp32          method=mhc-lite      n= 4 L= 128 grad=0.4991 zeroE=0.0000 cos=1.0000 meanMax=8.34e-06 smin=0.7166 smax=1.0001 time=2.3s
dtype=fp32          method=mhc-lite      n= 4 L= 256 grad=0.4986 zeroE=0.0000 cos=1.0000 meanMax=1.30e-05 smin=0.7107 smax=1.0003 time=4.5s
dtype=fp32          method=mhc-lite      n= 4 L= 512 grad=0.4995 zeroE=0.0000 cos=1.0000 meanMax=1.80e-05 smin=0.7145 smax=1.0019 time=9.1s
dtype=fp32          method=mhc-lite      n= 4 L=1024 grad=0.4969 zeroE=0.0000 cos=1.0000 meanMax=2.89e-05 smin=0.6999 smax=1.0005 time=18.1s
dtype=fp32          method=mhc-lite      n= 8 L=  32 grad=0.3546 zeroE=0.0000 cos=1.0000 meanMax=5.56e-06 smin=0.5868 smax=1.0000 time=0.6s
dtype=fp32          method=mhc-lite      n= 8 L=  64 grad=0.3540 zeroE=0.0000 cos=1.0000 meanMax=1.01e-05 smin=0.5703 smax=1.0000 time=1.2s
dtype=fp32          method=mhc-lite      n= 8 L= 128 grad=0.3543 zeroE=0.0000 cos=1.0000 meanMax=1.67e-05 smin=0.5754 smax=1.0000 time=2.3s
dtype=fp32          method=mhc-lite      n= 8 L= 256 grad=0.3531 zeroE=0.0000 cos=1.0000 meanMax=3.93e-05 smin=0.5776 smax=1.0000 time=4.6s
dtype=fp32          method=mhc-lite      n= 8 L= 512 grad=0.3551 zeroE=0.0000 cos=1.0000 meanMax=6.72e-05 smin=0.5668 smax=1.0000 time=9.2s
dtype=fp32          method=mhc-lite      n= 8 L=1024 grad=0.3536 zeroE=0.0000 cos=1.0000 meanMax=1.27e-04 smin=0.5724 smax=1.0000 time=18.5s
dtype=fp32          method=mhc-lite      n=16 L=  32 grad=0.2503 zeroE=0.0000 cos=1.0000 meanMax=5.42e-06 smin=0.4329 smax=1.0000 time=0.6s
dtype=fp32          method=mhc-lite      n=16 L=  64 grad=0.2501 zeroE=0.0000 cos=1.0000 meanMax=1.05e-05 smin=0.4250 smax=1.0000 time=1.2s
dtype=fp32          method=mhc-lite      n=16 L= 128 grad=0.2516 zeroE=0.0000 cos=1.0000 meanMax=2.11e-05 smin=0.4165 smax=1.0000 time=2.4s
dtype=fp32          method=mhc-lite      n=16 L= 256 grad=0.2502 zeroE=0.0000 cos=1.0000 meanMax=3.90e-05 smin=0.4141 smax=1.0000 time=4.8s
dtype=fp32          method=mhc-lite      n=16 L= 512 grad=0.2515 zeroE=0.0000 cos=1.0000 meanMax=7.80e-05 smin=0.4144 smax=1.0000 time=9.6s
dtype=fp32          method=mhc-lite      n=16 L=1024 grad=0.2510 zeroE=0.0000 cos=1.0000 meanMax=1.53e-04 smin=0.4085 smax=1.0000 time=19.2s

=== dtype=fp32 method=unconstrained ===
dtype=fp32          method=unconstrained n= 4 L=  32 grad=1.8800 zeroE=1.8568 cos=0.5915 meanMax=4.94e+01 smin=0.5831 smax=1.4815 time=0.1s
dtype=fp32          method=unconstrained n= 4 L=  64 grad=2.8967 zeroE=2.7204 cos=0.6356 meanMax=1.11e+02 smin=0.5688 smax=1.4552 time=0.3s
dtype=fp32          method=unconstrained n= 4 L= 128 grad=6.0851 zeroE=6.2423 cos=0.7947 meanMax=1.54e+02 smin=0.4958 smax=1.4956 time=0.6s
dtype=fp32          method=unconstrained n= 4 L= 256 grad=40.0099 zeroE=31.6229 cos=0.8826 meanMax=1.21e+03 smin=0.5321 smax=1.5205 time=1.1s
dtype=fp32          method=unconstrained n= 4 L= 512 grad=2445.5698 zeroE=2722.7532 cos=0.9592 meanMax=2.46e+05 smin=0.4680 smax=1.4676 time=2.2s
dtype=fp32          method=unconstrained n= 4 L=1024 grad=338705.2393 zeroE=334687.9095 cos=0.9818 meanMax=1.25e+07 smin=0.5305 smax=1.5002 time=4.4s
dtype=fp32          method=unconstrained n= 8 L=  32 grad=3.3177 zeroE=3.3101 cos=0.5156 meanMax=4.84e+01 smin=0.3881 smax=1.5108 time=0.2s
dtype=fp32          method=unconstrained n= 8 L=  64 grad=7.5647 zeroE=7.3881 cos=0.6983 meanMax=1.98e+02 smin=0.4830 smax=1.6495 time=0.3s
dtype=fp32          method=unconstrained n= 8 L= 128 grad=121.4478 zeroE=114.6658 cos=0.7888 meanMax=5.62e+03 smin=0.4519 smax=1.5635 time=0.6s
dtype=fp32          method=unconstrained n= 8 L= 256 grad=4731.3587 zeroE=4895.9893 cos=0.9229 meanMax=1.37e+05 smin=0.4524 smax=1.6080 time=1.2s
dtype=fp32          method=unconstrained n= 8 L= 512 grad=69946789.9502 zeroE=68047611.5254 cos=0.9547 meanMax=4.88e+09 smin=0.4274 smax=1.6334 time=2.4s
dtype=fp32          method=unconstrained n= 8 L=1024 grad=55771493806080.0000 zeroE=56147291309056.0000 cos=0.9877 meanMax=4.39e+15 smin=0.4270 smax=1.6155 time=4.7s
dtype=fp32          method=unconstrained n=16 L=  32 grad=10.2665 zeroE=10.2991 cos=0.4549 meanMax=1.49e+02 smin=0.3361 smax=1.7085 time=0.2s
dtype=fp32          method=unconstrained n=16 L=  64 grad=106.2335 zeroE=105.5077 cos=0.6212 meanMax=2.87e+03 smin=0.2694 smax=1.7535 time=0.3s
dtype=fp32          method=unconstrained n=16 L= 128 grad=10100.1621 zeroE=10126.3043 cos=0.7526 meanMax=2.78e+05 smin=0.3197 smax=1.7080 time=0.7s
dtype=fp32          method=unconstrained n=16 L= 256 grad=74386560.7812 zeroE=71322627.4688 cos=0.8686 meanMax=3.96e+09 smin=0.3051 smax=1.7825 time=1.4s
dtype=fp32          method=unconstrained n=16 L= 512 grad=1922125213794304.0000 zeroE=1916151126687744.0000 cos=0.9799 meanMax=5.63e+16 smin=0.2796 smax=1.7411 time=2.7s
dtype=fp32          method=unconstrained n=16 L=1024 grad=inf zeroE=inf cos=0.0000 meanMax=inf smin=0.2879 smax=1.7899 time=5.4s

=== dtype=fp32 method=gcn-diffusion ===
dtype=fp32          method=gcn-diffusion n= 4 L=  32 grad=0.4988 zeroE=0.0008 cos=1.0000 meanMax=1.37e-05 smin=0.8000 smax=1.0000 time=0.1s
dtype=fp32          method=gcn-diffusion n= 4 L=  64 grad=0.4945 zeroE=0.0000 cos=1.0000 meanMax=2.66e-05 smin=0.8000 smax=1.0000 time=0.3s
dtype=fp32          method=gcn-diffusion n= 4 L= 128 grad=0.5041 zeroE=0.0000 cos=1.0000 meanMax=3.27e-05 smin=0.8000 smax=1.0000 time=0.5s
dtype=fp32          method=gcn-diffusion n= 4 L= 256 grad=0.5000 zeroE=0.0000 cos=1.0000 meanMax=3.34e-05 smin=0.8000 smax=1.0000 time=1.1s
dtype=fp32          method=gcn-diffusion n= 4 L= 512 grad=0.5027 zeroE=0.0000 cos=1.0000 meanMax=3.28e-05 smin=0.8000 smax=1.0000 time=2.1s
dtype=fp32          method=gcn-diffusion n= 4 L=1024 grad=0.5021 zeroE=0.0000 cos=1.0000 meanMax=3.30e-05 smin=0.8000 smax=1.0000 time=4.3s
dtype=fp32          method=gcn-diffusion n= 8 L=  32 grad=0.3561 zeroE=0.0008 cos=1.0000 meanMax=3.90e-06 smin=0.8000 smax=1.0000 time=0.1s
dtype=fp32          method=gcn-diffusion n= 8 L=  64 grad=0.3549 zeroE=0.0000 cos=1.0000 meanMax=7.44e-06 smin=0.8000 smax=1.0000 time=0.3s
dtype=fp32          method=gcn-diffusion n= 8 L= 128 grad=0.3554 zeroE=0.0000 cos=1.0000 meanMax=9.33e-06 smin=0.8000 smax=1.0000 time=0.5s
dtype=fp32          method=gcn-diffusion n= 8 L= 256 grad=0.3538 zeroE=0.0000 cos=1.0000 meanMax=9.14e-06 smin=0.8000 smax=1.0000 time=1.1s
dtype=fp32          method=gcn-diffusion n= 8 L= 512 grad=0.3496 zeroE=0.0000 cos=1.0000 meanMax=9.13e-06 smin=0.8000 smax=1.0000 time=2.1s
dtype=fp32          method=gcn-diffusion n= 8 L=1024 grad=0.3533 zeroE=0.0000 cos=1.0000 meanMax=9.30e-06 smin=0.8000 smax=1.0000 time=4.3s
dtype=fp32          method=gcn-diffusion n=16 L=  32 grad=0.2496 zeroE=0.0008 cos=1.0000 meanMax=1.57e-06 smin=0.8000 smax=1.0000 time=0.1s
dtype=fp32          method=gcn-diffusion n=16 L=  64 grad=0.2519 zeroE=0.0000 cos=1.0000 meanMax=2.43e-06 smin=0.8000 smax=1.0000 time=0.3s
dtype=fp32          method=gcn-diffusion n=16 L= 128 grad=0.2475 zeroE=0.0000 cos=1.0000 meanMax=4.53e-06 smin=0.8000 smax=1.0000 time=0.5s
dtype=fp32          method=gcn-diffusion n=16 L= 256 grad=0.2495 zeroE=0.0000 cos=1.0000 meanMax=4.47e-06 smin=0.8000 smax=1.0000 time=1.1s
dtype=fp32          method=gcn-diffusion n=16 L= 512 grad=0.2516 zeroE=0.0000 cos=1.0000 meanMax=4.50e-06 smin=0.8000 smax=1.0000 time=2.2s
dtype=fp32          method=gcn-diffusion n=16 L=1024 grad=0.2488 zeroE=0.0000 cos=1.0000 meanMax=4.56e-06 smin=0.8000 smax=1.0000 time=4.3s

=== dtype=bf16_fp32_mix method=isohc ===
dtype=bf16_fp32_mix method=isohc         n= 4 L=  32 grad=1.0000 zeroE=1.0000 cos=0.0245 meanMax=4.77e-06 smin=1.0000 smax=1.0000 time=0.5s
dtype=bf16_fp32_mix method=isohc         n= 4 L=  64 grad=1.0000 zeroE=1.0000 cos=0.0234 meanMax=6.83e-06 smin=1.0000 smax=1.0000 time=1.0s
dtype=bf16_fp32_mix method=isohc         n= 4 L= 128 grad=1.0000 zeroE=1.0000 cos=0.0285 meanMax=1.04e-05 smin=1.0000 smax=1.0000 time=2.1s
dtype=bf16_fp32_mix method=isohc         n= 4 L= 256 grad=1.0000 zeroE=1.0000 cos=0.0279 meanMax=1.33e-05 smin=1.0000 smax=1.0000 time=4.0s
dtype=bf16_fp32_mix method=isohc         n= 4 L= 512 grad=1.0000 zeroE=1.0000 cos=0.0285 meanMax=1.93e-05 smin=1.0000 smax=1.0000 time=8.0s
dtype=bf16_fp32_mix method=isohc         n= 4 L=1024 grad=1.0000 zeroE=1.0000 cos=0.0258 meanMax=2.61e-05 smin=1.0000 smax=1.0000 time=16.0s
dtype=bf16_fp32_mix method=isohc         n= 8 L=  32 grad=1.0000 zeroE=1.0000 cos=0.0247 meanMax=3.73e-06 smin=1.0000 smax=1.0000 time=0.7s
dtype=bf16_fp32_mix method=isohc         n= 8 L=  64 grad=1.0000 zeroE=1.0000 cos=0.0243 meanMax=4.92e-06 smin=1.0000 smax=1.0000 time=1.4s
dtype=bf16_fp32_mix method=isohc         n= 8 L= 128 grad=1.0000 zeroE=1.0000 cos=0.0250 meanMax=7.32e-06 smin=1.0000 smax=1.0000 time=2.8s
dtype=bf16_fp32_mix method=isohc         n= 8 L= 256 grad=1.0000 zeroE=1.0000 cos=0.0248 meanMax=1.01e-05 smin=1.0000 smax=1.0000 time=5.5s
dtype=bf16_fp32_mix method=isohc         n= 8 L= 512 grad=1.0000 zeroE=1.0000 cos=0.0267 meanMax=1.45e-05 smin=1.0000 smax=1.0000 time=11.0s
dtype=bf16_fp32_mix method=isohc         n= 8 L=1024 grad=1.0000 zeroE=1.0000 cos=0.0256 meanMax=1.99e-05 smin=1.0000 smax=1.0000 time=22.0s
dtype=bf16_fp32_mix method=isohc         n=16 L=  32 grad=1.0000 zeroE=1.0000 cos=0.0249 meanMax=2.78e-06 smin=1.0000 smax=1.0000 time=1.4s
dtype=bf16_fp32_mix method=isohc         n=16 L=  64 grad=1.0000 zeroE=1.0000 cos=0.0256 meanMax=3.97e-06 smin=1.0000 smax=1.0000 time=2.7s
dtype=bf16_fp32_mix method=isohc         n=16 L= 128 grad=1.0000 zeroE=1.0000 cos=0.0254 meanMax=5.45e-06 smin=1.0000 smax=1.0000 time=5.3s
dtype=bf16_fp32_mix method=isohc         n=16 L= 256 grad=1.0000 zeroE=1.0000 cos=0.0248 meanMax=8.17e-06 smin=1.0000 smax=1.0000 time=10.7s
dtype=bf16_fp32_mix method=isohc         n=16 L= 512 grad=1.0000 zeroE=1.0000 cos=0.0247 meanMax=1.11e-05 smin=1.0000 smax=1.0000 time=21.3s
dtype=bf16_fp32_mix method=isohc         n=16 L=1024 grad=1.0000 zeroE=1.0000 cos=0.0257 meanMax=1.59e-05 smin=1.0000 smax=1.0000 time=42.7s

=== dtype=bf16_fp32_mix method=mhc-lite ===
dtype=bf16_fp32_mix method=mhc-lite      n= 4 L=  32 grad=0.5036 zeroE=0.0045 cos=0.9999 meanMax=4.00e-06 smin=0.7168 smax=1.0001 time=0.6s
dtype=bf16_fp32_mix method=mhc-lite      n= 4 L=  64 grad=0.4969 zeroE=0.0009 cos=1.0000 meanMax=7.81e-06 smin=0.7122 smax=1.0000 time=1.1s
dtype=bf16_fp32_mix method=mhc-lite      n= 4 L= 128 grad=0.5019 zeroE=0.0009 cos=1.0000 meanMax=8.17e-06 smin=0.7204 smax=1.0002 time=2.3s
dtype=bf16_fp32_mix method=mhc-lite      n= 4 L= 256 grad=0.5030 zeroE=0.0009 cos=1.0000 meanMax=1.12e-05 smin=0.7154 smax=1.0001 time=4.5s
dtype=bf16_fp32_mix method=mhc-lite      n= 4 L= 512 grad=0.5004 zeroE=0.0009 cos=1.0000 meanMax=1.99e-05 smin=0.7103 smax=1.0002 time=9.2s
dtype=bf16_fp32_mix method=mhc-lite      n= 4 L=1024 grad=0.5012 zeroE=0.0009 cos=1.0000 meanMax=2.43e-05 smin=0.7079 smax=1.0011 time=18.3s
dtype=bf16_fp32_mix method=mhc-lite      n= 8 L=  32 grad=0.3513 zeroE=0.0007 cos=1.0000 meanMax=4.82e-06 smin=0.5819 smax=1.0000 time=0.6s
dtype=bf16_fp32_mix method=mhc-lite      n= 8 L=  64 grad=0.3556 zeroE=0.0007 cos=1.0000 meanMax=8.84e-06 smin=0.5819 smax=1.0000 time=1.2s
dtype=bf16_fp32_mix method=mhc-lite      n= 8 L= 128 grad=0.3530 zeroE=0.0007 cos=1.0000 meanMax=1.81e-05 smin=0.5807 smax=1.0000 time=2.3s
dtype=bf16_fp32_mix method=mhc-lite      n= 8 L= 256 grad=0.3514 zeroE=0.0007 cos=1.0000 meanMax=3.51e-05 smin=0.5594 smax=1.0000 time=4.6s
dtype=bf16_fp32_mix method=mhc-lite      n= 8 L= 512 grad=0.3515 zeroE=0.0007 cos=1.0000 meanMax=6.47e-05 smin=0.5597 smax=1.0000 time=9.3s
dtype=bf16_fp32_mix method=mhc-lite      n= 8 L=1024 grad=0.3545 zeroE=0.0007 cos=1.0000 meanMax=1.32e-04 smin=0.5631 smax=1.0000 time=18.5s
dtype=bf16_fp32_mix method=mhc-lite      n=16 L=  32 grad=0.2478 zeroE=0.0006 cos=1.0000 meanMax=5.36e-06 smin=0.4302 smax=1.0000 time=0.6s
dtype=bf16_fp32_mix method=mhc-lite      n=16 L=  64 grad=0.2503 zeroE=0.0006 cos=1.0000 meanMax=1.06e-05 smin=0.4170 smax=1.0000 time=1.2s
dtype=bf16_fp32_mix method=mhc-lite      n=16 L= 128 grad=0.2496 zeroE=0.0006 cos=1.0000 meanMax=2.00e-05 smin=0.4113 smax=1.0000 time=2.4s
dtype=bf16_fp32_mix method=mhc-lite      n=16 L= 256 grad=0.2521 zeroE=0.0006 cos=1.0000 meanMax=4.07e-05 smin=0.4123 smax=1.0000 time=4.8s
dtype=bf16_fp32_mix method=mhc-lite      n=16 L= 512 grad=0.2504 zeroE=0.0006 cos=1.0000 meanMax=7.77e-05 smin=0.4127 smax=1.0000 time=9.6s
dtype=bf16_fp32_mix method=mhc-lite      n=16 L=1024 grad=0.2492 zeroE=0.0006 cos=1.0000 meanMax=1.52e-04 smin=0.4071 smax=1.0000 time=19.2s

=== dtype=bf16_fp32_mix method=unconstrained ===
dtype=bf16_fp32_mix method=unconstrained n= 4 L=  32 grad=1.7369 zeroE=1.8053 cos=0.4673 meanMax=5.11e+01 smin=0.6041 smax=1.4524 time=0.1s
dtype=bf16_fp32_mix method=unconstrained n= 4 L=  64 grad=2.5432 zeroE=2.4130 cos=0.6368 meanMax=1.86e+02 smin=0.5403 smax=1.5120 time=0.3s
dtype=bf16_fp32_mix method=unconstrained n= 4 L= 128 grad=6.7380 zeroE=7.2288 cos=0.7118 meanMax=2.80e+02 smin=0.5531 smax=1.5043 time=0.6s
dtype=bf16_fp32_mix method=unconstrained n= 4 L= 256 grad=12.1447 zeroE=12.2042 cos=0.8738 meanMax=9.98e+02 smin=0.5454 smax=1.5072 time=1.1s
dtype=bf16_fp32_mix method=unconstrained n= 4 L= 512 grad=1771.6701 zeroE=1830.6893 cos=0.9926 meanMax=3.53e+05 smin=0.5278 smax=1.5096 time=2.2s
dtype=bf16_fp32_mix method=unconstrained n= 4 L=1024 grad=701377.4488 zeroE=714600.4444 cos=0.9995 meanMax=8.40e+07 smin=0.4896 smax=1.4987 time=4.4s
dtype=bf16_fp32_mix method=unconstrained n= 8 L=  32 grad=3.4341 zeroE=3.3412 cos=0.5205 meanMax=5.79e+01 smin=0.4609 smax=1.5588 time=0.2s
dtype=bf16_fp32_mix method=unconstrained n= 8 L=  64 grad=12.0393 zeroE=11.8839 cos=0.6519 meanMax=1.97e+02 smin=0.4726 smax=1.5434 time=0.3s
dtype=bf16_fp32_mix method=unconstrained n= 8 L= 128 grad=82.4279 zeroE=81.9069 cos=0.8052 meanMax=4.06e+03 smin=0.4273 smax=1.5974 time=0.6s
dtype=bf16_fp32_mix method=unconstrained n= 8 L= 256 grad=4184.5643 zeroE=4071.7649 cos=0.9003 meanMax=1.38e+05 smin=0.4696 smax=1.6327 time=1.2s
dtype=bf16_fp32_mix method=unconstrained n= 8 L= 512 grad=10571424.2188 zeroE=10630067.4844 cos=0.9515 meanMax=6.60e+08 smin=0.4211 smax=1.6046 time=2.4s
dtype=bf16_fp32_mix method=unconstrained n= 8 L=1024 grad=31557416788720.0000 zeroE=31392400553664.0000 cos=0.9945 meanMax=2.80e+15 smin=0.4044 smax=1.6206 time=4.7s
dtype=bf16_fp32_mix method=unconstrained n=16 L=  32 grad=9.7443 zeroE=9.6550 cos=0.4826 meanMax=1.21e+02 smin=0.3632 smax=1.7855 time=0.2s
dtype=bf16_fp32_mix method=unconstrained n=16 L=  64 grad=113.6866 zeroE=114.2173 cos=0.5973 meanMax=1.72e+03 smin=0.3408 smax=1.7299 time=0.4s
dtype=bf16_fp32_mix method=unconstrained n=16 L= 128 grad=7455.5318 zeroE=7458.3301 cos=0.7562 meanMax=3.51e+05 smin=0.3323 smax=1.7822 time=0.7s
dtype=bf16_fp32_mix method=unconstrained n=16 L= 256 grad=41651291.9688 zeroE=41782194.7812 cos=0.8252 meanMax=1.22e+09 smin=0.2754 smax=1.7470 time=1.4s
dtype=bf16_fp32_mix method=unconstrained n=16 L= 512 grad=6793746894553088.0000 zeroE=7158104781225984.0000 cos=0.9361 meanMax=4.82e+17 smin=0.3289 smax=1.7831 time=2.7s
dtype=bf16_fp32_mix method=unconstrained n=16 L=1024 grad=inf zeroE=inf cos=0.0000 meanMax=inf smin=0.3105 smax=1.8105 time=5.4s

=== dtype=bf16_fp32_mix method=gcn-diffusion ===
dtype=bf16_fp32_mix method=gcn-diffusion n= 4 L=  32 grad=0.5005 zeroE=0.0012 cos=1.0000 meanMax=1.40e-05 smin=0.8000 smax=1.0000 time=0.1s
dtype=bf16_fp32_mix method=gcn-diffusion n= 4 L=  64 grad=0.4983 zeroE=0.0009 cos=1.0000 meanMax=2.67e-05 smin=0.8000 smax=1.0000 time=0.3s
dtype=bf16_fp32_mix method=gcn-diffusion n= 4 L= 128 grad=0.4999 zeroE=0.0009 cos=1.0000 meanMax=3.23e-05 smin=0.8000 smax=1.0000 time=0.5s
dtype=bf16_fp32_mix method=gcn-diffusion n= 4 L= 256 grad=0.5014 zeroE=0.0009 cos=1.0000 meanMax=3.28e-05 smin=0.8000 smax=1.0000 time=1.1s
dtype=bf16_fp32_mix method=gcn-diffusion n= 4 L= 512 grad=0.4992 zeroE=0.0009 cos=1.0000 meanMax=3.30e-05 smin=0.8000 smax=1.0000 time=2.1s
dtype=bf16_fp32_mix method=gcn-diffusion n= 4 L=1024 grad=0.5014 zeroE=0.0009 cos=1.0000 meanMax=3.27e-05 smin=0.8000 smax=1.0000 time=4.3s
dtype=bf16_fp32_mix method=gcn-diffusion n= 8 L=  32 grad=0.3506 zeroE=0.0011 cos=1.0000 meanMax=3.87e-06 smin=0.8000 smax=1.0000 time=0.1s
dtype=bf16_fp32_mix method=gcn-diffusion n= 8 L=  64 grad=0.3544 zeroE=0.0007 cos=1.0000 meanMax=7.39e-06 smin=0.8000 smax=1.0000 time=0.3s
dtype=bf16_fp32_mix method=gcn-diffusion n= 8 L= 128 grad=0.3558 zeroE=0.0007 cos=1.0000 meanMax=9.22e-06 smin=0.8000 smax=1.0000 time=0.5s
dtype=bf16_fp32_mix method=gcn-diffusion n= 8 L= 256 grad=0.3485 zeroE=0.0007 cos=1.0000 meanMax=9.00e-06 smin=0.8000 smax=1.0000 time=1.1s
dtype=bf16_fp32_mix method=gcn-diffusion n= 8 L= 512 grad=0.3527 zeroE=0.0007 cos=1.0000 meanMax=9.09e-06 smin=0.8000 smax=1.0000 time=2.1s
dtype=bf16_fp32_mix method=gcn-diffusion n= 8 L=1024 grad=0.3523 zeroE=0.0007 cos=1.0000 meanMax=9.20e-06 smin=0.8000 smax=1.0000 time=4.3s
dtype=bf16_fp32_mix method=gcn-diffusion n=16 L=  32 grad=0.2514 zeroE=0.0010 cos=1.0000 meanMax=1.56e-06 smin=0.8000 smax=1.0000 time=0.1s
dtype=bf16_fp32_mix method=gcn-diffusion n=16 L=  64 grad=0.2499 zeroE=0.0006 cos=1.0000 meanMax=2.47e-06 smin=0.8000 smax=1.0000 time=0.3s
dtype=bf16_fp32_mix method=gcn-diffusion n=16 L= 128 grad=0.2513 zeroE=0.0006 cos=1.0000 meanMax=4.74e-06 smin=0.8000 smax=1.0000 time=0.5s
dtype=bf16_fp32_mix method=gcn-diffusion n=16 L= 256 grad=0.2504 zeroE=0.0006 cos=1.0000 meanMax=4.55e-06 smin=0.8000 smax=1.0000 time=1.1s
dtype=bf16_fp32_mix method=gcn-diffusion n=16 L= 512 grad=0.2509 zeroE=0.0006 cos=1.0000 meanMax=4.44e-06 smin=0.8000 smax=1.0000 time=2.2s
dtype=bf16_fp32_mix method=gcn-diffusion n=16 L=1024 grad=0.2506 zeroE=0.0006 cos=1.0000 meanMax=4.65e-06 smin=0.8000 smax=1.0000 time=4.3s

Saved results/stage2_stability_detectors_core/stability_detectors.json and results/stage2_stability_detectors_core/stability_detectors.md
Total time: 1397.7s
